83 [12272] INFO perfrun.launcher <> - Launcher main begin
90 [12272] INFO perfrun.launcher <> - MessageCatalogInit finished
90 [12272] INFO perfrun.launcher <> - Launcher instance created
90 [12272] INFO perfrun.launcher <> - argc = 6; cmdline = C:\Program Files (x86)\Intel\oneAPI\advisor\latest\bin64\advixe-runss.exe --ui-output-format xml --ui-output-fd 2764 --context-value-list 
108 [12272] INFO perfrun.launcher <> - New signal handler callback was added
179 [12272] INFO perfrun.launcher <> - create msngr2::ICliToolContext
179 [12272] INFO perfrun.launcher <> - create file finder object
194 [12272] INFO perfrun.launcher <> - Put into the variant bag the context value: name = targetOS; value = Windows
195 [12272] INFO perfrun.launcher <> - Put into the variant bag the context value: name = OS; value = Windows
195 [12272] INFO perfrun.launcher <> - Put into the variant bag the context value: name = OSBuildNumber; value = 22621
195 [12272] INFO perfrun.launcher <> - Put into the variant bag the context value: name = OSBitness; value = 64
195 [12272] INFO perfrun.launcher <> - Put into the variant bag the context value: name = AdministratorPrivileges; value = false
195 [12272] INFO perfrun.launcher <> - Put into the variant bag the context value: name = isPtraceScopeLimited; value = false
195 [12272] INFO perfrun.launcher <> - Put into the variant bag the context value: name = isCATSupportedByCPU; value = true
195 [12272] INFO perfrun.launcher <> - Put into the variant bag the context value: name = isL3CATAvailable; value = false
195 [12272] INFO perfrun.launcher <> - Put into the variant bag the context value: name = isL2CATAvailable; value = false
195 [12272] INFO perfrun.launcher <> - Put into the variant bag the context value: name = isL3MonitoringSupportedByCPU; value = false
195 [12272] INFO perfrun.launcher <> - Put into the variant bag the context value: name = isTSXAvailable; value = false
196 [12272] INFO perfrun.launcher <> - Put into the variant bag the context value: name = isPTAvailable; value = true
196 [12272] INFO perfrun.launcher <> - Put into the variant bag the context value: name = isHTEnabled; value = true
196 [12272] INFO perfrun.launcher <> - Put into the variant bag the context value: name = fpgaOnBoard; value = None
196 [12272] INFO perfrun.launcher <> - Put into the variant bag the context value: name = omniPathOnBoard; value = None
196 [12272] INFO perfrun.launcher <> - Put into the variant bag the context value: name = genArchOnBoard; value = 10
196 [12272] INFO perfrun.launcher <> - Put into the variant bag the context value: name = pciClassParts; value = 
196 [12272] INFO perfrun.launcher <> - Put into the variant bag the context value: name = tidValuesForIO; value = 
196 [12272] INFO perfrun.launcher <> - Put into the variant bag the context value: name = populatedIoParts; value = 
196 [12272] INFO perfrun.launcher <> - Put into the variant bag the context value: name = populatedIoUnits; value = 
196 [12272] INFO perfrun.launcher <> - Put into the variant bag the context value: name = populatedTidValuesForIO; value = 
197 [12272] INFO perfrun.launcher <> - Put into the variant bag the context value: name = isSGXAvailable; value = false
197 [12272] INFO perfrun.launcher <> - Put into the variant bag the context value: name = Hypervisor; value = Microsoft Hv
197 [12272] INFO perfrun.launcher <> - Put into the variant bag the context value: name = PerfmonVersion; value = 5
197 [12272] INFO perfrun.launcher <> - Put into the variant bag the context value: name = isMaxDRAMBandwidthMeasurementSupported; value = false
197 [12272] INFO perfrun.launcher <> - Put into the variant bag the context value: name = preferedGpuAdapter; value = 0:0:2.0
197 [12272] INFO perfrun.launcher <> - Put into the variant bag the context value: name = gpuAdapterNameList; value = 0:0:2.0|Intel(R) UHD Graphics;
197 [12272] INFO perfrun.launcher <> - Put into the variant bag the context value: name = gpuAdapterTileNameList; value = 0:0:2.0|Intel(R) UHD Graphics|0,;
197 [12272] INFO perfrun.launcher <> - Put into the variant bag the context value: name = gpuOpenCLDeviceOrder; value = none
197 [12272] INFO perfrun.launcher <> - Put into the variant bag the context value: name = isEHFIAvailable; value = false
198 [12272] INFO perfrun.launcher <> - Put into the variant bag the context value: name = areGpuHardwareMetricsAvailableList; value = 0:0:2.0|true;
198 [12272] INFO perfrun.launcher <> - Put into the variant bag the context value: name = gpuPlatformIndexList; value = 0:0:2.0|17;
198 [12272] INFO perfrun.launcher <> - Put into the variant bag the context value: name = isTPSSAvailable; value = true
198 [12272] INFO perfrun.launcher <> - Put into the variant bag the context value: name = isPytraceAvailable; value = true
198 [12272] INFO perfrun.launcher <> - Put into the variant bag the context value: name = isGENDebugInfoAvailableList; value = 0:0:2.0|true;
198 [12272] INFO perfrun.launcher <> - Put into the variant bag the context value: name = isGTPinCollectionAvailableList; value = 0:0:2.0|true;
198 [12272] INFO perfrun.launcher <> - Put into the variant bag the context value: name = forceShowInlines; value = false
199 [12272] INFO perfrun.launcher <> - Application exit code: 0
199 [12272] INFO perfrun.launcher <> - Exit code: 0
