102 [19992] INFO perfrun.launcher <> - Launcher main begin
110 [19992] INFO perfrun.launcher <> - MessageCatalogInit finished
110 [19992] INFO perfrun.launcher <> - Launcher instance created
110 [19992] INFO perfrun.launcher <> - argc = 7; cmdline = C:\Program Files (x86)\Intel\oneAPI\advisor\latest\bin64\advixe-runss.exe --ui-output-format xml --ui-output-fd 5044 --option-file C:\Users\JPMar\OneDrive\Documentos\Faculdade\Computação de Alto Desempenho\Trabalho 3\JacobiRoofline\e000\hs002\config\runss.options 
128 [19992] INFO perfrun.launcher <> - New signal handler callback was added
214 [19992] INFO perfrun.launcher <> - create msngr2::ICliToolContext
215 [19992] INFO perfrun.launcher <> - create file finder object
217 [19992] INFO perfrun.launcher <> - create a result directory: pattern = C:\Users\JPMar\OneDrive\Documentos\Faculdade\Computação de Alto Desempenho\Trabalho 3\JacobiRoofline\e000\hs002 pid = 4294967295
232 [19992] INFO perfrun.launcher <> - create data directory = C:\Users\JPMar\OneDrive\Documentos\Faculdade\Computação de Alto Desempenho\Trabalho 3\JacobiRoofline\e000\hs002\data.0
234 [19992] INFO perfrun.launcher <> - Creating the master collection flag
249 [19992] INFO perfrun.launcher <> - Done creating the master collection flag
255 [21148] INFO perfrun.launcher <> - plugin [remoteplug] was disabled because it doesn't support the given collection type.
258 [21148] INFO perfrun.sdk <> - Allocating TMU :C:\Users\JPMar\OneDrive\Documentos\Faculdade\Computação de Alto Desempenho\Trabalho 3\JacobiRoofline\e000\hs002\data.0\systemcollector-16744-JP_Note.sc
259 [21148] INFO perfrun.launcher <> - plugin [] was disabled because it doesn't support the given collection type.
263 [21148] INFO perfrun.launcher <> - plugin [] was disabled because it doesn't support the given collection type.
263 [21148] INFO perfrun.launcher <> - plugin [gpu] was disabled because it doesn't support the given collection type.
263 [21148] INFO perfrun.launcher <> - plugin [] was disabled because it doesn't support the given collection type.
264 [21148] INFO perfrun.launcher <> - plugin [] was disabled because it doesn't support the given collection type.
264 [21148] INFO perfrun.launcher <> - plugin [] was disabled because it doesn't support the given collection type.
264 [21148] INFO perfrun.mrte <> - system-wide mode is 0
265 [21148] INFO perfrun.mrte <> - Getting  mrte profiling environment ...
305 [21148] INFO perfrun.mrte <> - INTEL_MRTE_DATA_DIR=C:\Users\JPMar\OneDrive\Documentos\Faculdade\Computação de Alto Desempenho\Trabalho 3\JacobiRoofline\e000\hs002\data.0
305 [21148] INFO perfrun.mrte <> - INTEL_MRTE_HOST_NAME=JP_Note
305 [21148] INFO perfrun.mrte <> - JAVA_TOOL_OPTIONS=-agentlib:advixe_tpssmrte_javaprof_1.0
305 [21148] INFO perfrun.mrte <> - PATH=C:\Program Files (x86)\Intel\oneAPI\advisor\latest\bin32\runtime;C:\Program Files (x86)\Intel\oneAPI\advisor\latest\bin64\runtime;C:\Program Files (x86)\Intel\oneAPI\tbb\latest\redist\intel64\vc_mt\;C:\Program Files (x86)\Intel\oneAPI\tbb\latest\redist\ia32\vc_mt\;C:\Program Files (x86)\Intel\oneAPI\compiler\latest\windows\redist\intel64_win\compiler;C:\Program Files (x86)\Intel\oneAPI\compiler\latest\windows\redist\ia32_win\compiler;C:\Windows\system32;C:\Windows;C:\Windows\System32\Wbem;C:\Windows\System32\WindowsPowerShell\v1.0\;C:\Windows\System32\OpenSSH\;C:\Program Files (x86)\NVIDIA Corporation\PhysX\Common;C:\Program Files\NVIDIA Corporation\NVIDIA NvDLISR;C:\WINDOWS\system32;C:\WINDOWS;C:\WINDOWS\System32\Wbem;C:\WINDOWS\System32\WindowsPowerShell\v1.0\;C:\WINDOWS\System32\OpenSSH\;C:\Program Files\dotnet\;C:\Program Files\Git\cmd;C:\Program Files\Microsoft SQL Server\150\Tools\Binn\;C:\Program Files\Microsoft SQL Server\Client SDK\ODBC\170\Tools\Binn\;C:\OrCAD\OrCAD_16.6_Lite\tools\pcb\bin;C:\OrCAD\OrCAD_16.6_Lite\tools\fet\bin;C:\OrCAD\OrCAD_16.6_Lite\OpenAccess\bin\win32\opt;C:\OrCAD\OrCAD_16.6_Lite\tools\bin;C:\OrCAD\OrCAD_16.6_Lite\tools\Capture;C:\OrCAD\OrCAD_16.6_Lite\tools\PSpice;C:\Users\JPMar\AppData\Local\Microsoft\WindowsApps;;C:\Users\JPMar\AppData\Local\Programs\Microsoft VS Code\bin;C:\TDM-GCC-64\bin;C:\Users\JPMar\.dotnet\tools
306 [21148] INFO perfrun.mrte <> - COR_ENABLE_PROFILING=1
306 [21148] INFO perfrun.mrte <> - COR_PROFILER={10337B79-F6CD-4df9-8D18-26A67272096B}
306 [21148] INFO perfrun.mrte <> - COMPLUS_ProfAPI_ProfilerCompatibilitySetting=EnableV2Profiler
306 [21148] INFO perfrun.mrte <> - CORECLR_ENABLE_PROFILING=1
306 [21148] INFO perfrun.mrte <> - CORECLR_PROFILER={10337B79-F6CD-4df9-8D18-26A67272096B}
306 [21148] INFO perfrun.mrte <> - CORECLR_PROFILER_PATH=C:\Program Files (x86)\Intel\oneAPI\advisor\latest\bin64/advixe_samplingmrte_clrprof_1.0.dll
306 [21148] INFO perfrun.mrte <> - INTEL_MRTE_PROFILER_MODE=mixed
306 [21148] INFO perfrun.mrte <> - Data directory: C:\Users\JPMar\OneDrive\Documentos\Faculdade\Computação de Alto Desempenho\Trabalho 3\JacobiRoofline\e000\hs002\data.0
306 [21148] INFO perfrun.mrte <> - Mrte plugin is initialized
306 [21148] INFO perfrun.launcher <> - plugin [] was disabled because it doesn't support the given collection type.
306 [21148] INFO perfrun.launcher <> - plugin [] was disabled because it doesn't support the given collection type.
306 [21148] INFO perfrun.launcher <> - plugin [] was disabled because it doesn't support the given collection type.
306 [21148] INFO perfrun.launcher <> - plugin [] was disabled because it doesn't support the given collection type.
306 [21148] INFO perfrun.launcher <> - plugin [] was disabled because it doesn't support the given collection type.
306 [21148] INFO perfrun.launcher <> - plugin [] was disabled because it doesn't support the given collection type.
306 [21148] INFO perfrun.launcher <> - plugin [] was disabled because it doesn't support the given collection type.
306 [21148] INFO perfrun.tpss <> - initialize tpss controller
306 [21148] INFO perfrun.tpss <> - configure collection mode: value = cpu:stack
307 [21148] INFO perfrun.tpss <> - default obj-size-min=1024
307 [21148] INFO perfrun.tpss <> - default hash-table-size=0
308 [21148] INFO perfrun.launcher <> - plugin [] was disabled because it doesn't support the given collection type.
308 [21148] INFO perfrun.launcher <> - plugin [] was disabled because it doesn't support the given collection type.
308 [21148] INFO perfrun.launcher <> - plugin [] was disabled because it doesn't support the given collection type.
308 [21148] INFO perfrun.launcher <> - plugin [] was disabled because it doesn't support the given collection type.
308 [21148] INFO perfrun.launcher <> - plugin [] was disabled because it doesn't support the given collection type.
308 [21148] INFO perfrun.launcher <> - plugin [] was disabled because it doesn't support the given collection type.
308 [21148] INFO perfrun.launcher <> - plugin [] was disabled because it doesn't support the given collection type.
308 [21148] INFO perfrun.launcher <> - plugin [] was disabled because it doesn't support the given collection type.
308 [21148] INFO perfrun.launcher <> - plugin [] was disabled because it doesn't support the given collection type.
308 [19992] INFO perfrun.launcher <> - set environment variable: PATH = C:\Program Files (x86)\Intel\oneAPI\advisor\latest\bin32\runtime;C:\Program Files (x86)\Intel\oneAPI\advisor\latest\bin64\runtime;C:\Program Files (x86)\Intel\oneAPI\tbb\latest\redist\intel64\vc_mt\;C:\Program Files (x86)\Intel\oneAPI\tbb\latest\redist\ia32\vc_mt\;C:\Program Files (x86)\Intel\oneAPI\compiler\latest\windows\redist\intel64_win\compiler;C:\Program Files (x86)\Intel\oneAPI\compiler\latest\windows\redist\ia32_win\compiler;C:\Windows\system32;C:\Windows;C:\Windows\System32\Wbem;C:\Windows\System32\WindowsPowerShell\v1.0\;C:\Windows\System32\OpenSSH\;C:\Program Files (x86)\NVIDIA Corporation\PhysX\Common;C:\Program Files\NVIDIA Corporation\NVIDIA NvDLISR;C:\WINDOWS\system32;C:\WINDOWS;C:\WINDOWS\System32\Wbem;C:\WINDOWS\System32\WindowsPowerShell\v1.0\;C:\WINDOWS\System32\OpenSSH\;C:\Program Files\dotnet\;C:\Program Files\Git\cmd;C:\Program Files\Microsoft SQL Server\150\Tools\Binn\;C:\Program Files\Microsoft SQL Server\Client SDK\ODBC\170\Tools\Binn\;C:\OrCAD\OrCAD_16.6_Lite\tools\pcb\bin;C:\OrCAD\OrCAD_16.6_Lite\tools\fet\bin;C:\OrCAD\OrCAD_16.6_Lite\OpenAccess\bin\win32\opt;C:\OrCAD\OrCAD_16.6_Lite\tools\bin;C:\OrCAD\OrCAD_16.6_Lite\tools\Capture;C:\OrCAD\OrCAD_16.6_Lite\tools\PSpice;C:\Users\JPMar\AppData\Local\Microsoft\WindowsApps;;C:\Users\JPMar\AppData\Local\Programs\Microsoft VS Code\bin;C:\TDM-GCC-64\bin;C:\Users\JPMar\.dotnet\tools
308 [19992] INFO perfrun.launcher <> - set environment variable: INTEL_LIBITTNOTIFY32 = C:\Program Files (x86)\Intel\oneAPI\advisor\latest\bin32\runtime\ittnotify_collector.dll
308 [19992] INFO perfrun.launcher <> - set environment variable: INTEL_LIBITTNOTIFY64 = C:\Program Files (x86)\Intel\oneAPI\advisor\latest\bin64\runtime\ittnotify_collector.dll
308 [19992] INFO perfrun.launcher <> - set environment variable: INTEL_ITTNOTIFY_GROUPS = 
308 [19992] INFO perfrun.launcher <> - set environment variable: INTEL_JIT_PROFILER32 = C:\Program Files (x86)\Intel\oneAPI\advisor\latest\bin32\runtime\ittnotify_collector.dll
309 [19992] INFO perfrun.launcher <> - set environment variable: INTEL_JIT_PROFILER64 = C:\Program Files (x86)\Intel\oneAPI\advisor\latest\bin64\runtime\ittnotify_collector.dll
309 [19992] INFO perfrun.launcher <> - set environment variable: OMP_TOOL_LIBRARIES = C:\Program Files (x86)\Intel\oneAPI\advisor\latest\bin32\runtime\ittnotify_collector.dll;C:\Program Files (x86)\Intel\oneAPI\advisor\latest\bin64\runtime\ittnotify_collector.dll
309 [19992] INFO perfrun.launcher <> - set environment variable: ENABLE_JITPROFILING = 1
309 [19992] INFO perfrun.launcher <> - set environment variable: CL_CONFIG_USE_VTUNE = True
309 [19992] INFO perfrun.launcher <> - set environment variable: KMP_FORKJOIN_FRAMES = 0
309 [19992] INFO perfrun.launcher <> - set environment variable: KMP_FORKJOIN_FRAMES_MODE = 0
309 [19992] INFO perfrun.launcher <> - set environment variable: OMP_TOOL = disabled
309 [19992] INFO perfrun.launcher <> - set environment variable: INTEL_MRTE_DATA_DIR = C:\Users\JPMar\OneDrive\Documentos\Faculdade\Computação de Alto Desempenho\Trabalho 3\JacobiRoofline\e000\hs002\data.0
309 [19992] INFO perfrun.launcher <> - set environment variable: INTEL_MRTE_HOST_NAME = JP_Note
310 [19992] INFO perfrun.launcher <> - set environment variable: JAVA_TOOL_OPTIONS = -agentlib:advixe_tpssmrte_javaprof_1.0
310 [19992] INFO perfrun.launcher <> - set environment variable: PATH = C:\Program Files (x86)\Intel\oneAPI\advisor\latest\bin32\runtime;C:\Program Files (x86)\Intel\oneAPI\advisor\latest\bin64\runtime;C:\Program Files (x86)\Intel\oneAPI\tbb\latest\redist\intel64\vc_mt\;C:\Program Files (x86)\Intel\oneAPI\tbb\latest\redist\ia32\vc_mt\;C:\Program Files (x86)\Intel\oneAPI\compiler\latest\windows\redist\intel64_win\compiler;C:\Program Files (x86)\Intel\oneAPI\compiler\latest\windows\redist\ia32_win\compiler;C:\Windows\system32;C:\Windows;C:\Windows\System32\Wbem;C:\Windows\System32\WindowsPowerShell\v1.0\;C:\Windows\System32\OpenSSH\;C:\Program Files (x86)\NVIDIA Corporation\PhysX\Common;C:\Program Files\NVIDIA Corporation\NVIDIA NvDLISR;C:\WINDOWS\system32;C:\WINDOWS;C:\WINDOWS\System32\Wbem;C:\WINDOWS\System32\WindowsPowerShell\v1.0\;C:\WINDOWS\System32\OpenSSH\;C:\Program Files\dotnet\;C:\Program Files\Git\cmd;C:\Program Files\Microsoft SQL Server\150\Tools\Binn\;C:\Program Files\Microsoft SQL Server\Client SDK\ODBC\170\Tools\Binn\;C:\OrCAD\OrCAD_16.6_Lite\tools\pcb\bin;C:\OrCAD\OrCAD_16.6_Lite\tools\fet\bin;C:\OrCAD\OrCAD_16.6_Lite\OpenAccess\bin\win32\opt;C:\OrCAD\OrCAD_16.6_Lite\tools\bin;C:\OrCAD\OrCAD_16.6_Lite\tools\Capture;C:\OrCAD\OrCAD_16.6_Lite\tools\PSpice;C:\Users\JPMar\AppData\Local\Microsoft\WindowsApps;;C:\Users\JPMar\AppData\Local\Programs\Microsoft VS Code\bin;C:\TDM-GCC-64\bin;C:\Users\JPMar\.dotnet\tools
310 [19992] INFO perfrun.launcher <> - set environment variable: COR_ENABLE_PROFILING = 1
310 [19992] INFO perfrun.launcher <> - set environment variable: COR_PROFILER = {10337B79-F6CD-4df9-8D18-26A67272096B}
310 [19992] INFO perfrun.launcher <> - set environment variable: COMPLUS_ProfAPI_ProfilerCompatibilitySetting = EnableV2Profiler
310 [19992] INFO perfrun.launcher <> - set environment variable: CORECLR_ENABLE_PROFILING = 1
310 [19992] INFO perfrun.launcher <> - set environment variable: CORECLR_PROFILER = {10337B79-F6CD-4df9-8D18-26A67272096B}
311 [19992] INFO perfrun.launcher <> - set environment variable: CORECLR_PROFILER_PATH = C:\Program Files (x86)\Intel\oneAPI\advisor\latest\bin64/advixe_samplingmrte_clrprof_1.0.dll
311 [19992] INFO perfrun.launcher <> - set environment variable: INTEL_MRTE_PROFILER_MODE = mixed
312 [19992] INFO perfrun.launcher <> - RpcServer: run RPC server to handle requests
360 [19992] INFO perfrun.sdk <> - IProcessUtil: the given executable 'C:\Users\JPMar\OneDrive\Documentos\Faculdade\Computação de Alto Desempenho\Trabalho 3\jacobi.exe' is valid.
361 [19992] INFO perfrun.launcher <> - Launcher: command line to start before modification = C:\Users\JPMar\OneDrive\Documentos\Faculdade\Computação de Alto Desempenho\Trabalho 3\jacobi.exe
365 [19992] INFO perfrun.launcher <> - Launcher: command line to start after modification = C:\Program Files (x86)\Intel\oneAPI\advisor\2023.1.0\bin64\pin.exe -error_file C:\Users\JPMar\OneDrive\Documentos\Faculdade\Computação de Alto Desempenho\Trabalho 3\JacobiRoofline\e000\hs002\data.0\pinerr.tpsslog -detach_reattach -probe -follow_execv -p32 C:\Program Files (x86)\Intel\oneAPI\advisor\latest\bin32\pin.exe -p64 C:\Program Files (x86)\Intel\oneAPI\advisor\latest\bin64\pin.exe -t64 C:\Program Files (x86)\Intel\oneAPI\advisor\latest\bin64\tpsstool.dll -t C:\Program Files (x86)\Intel\oneAPI\advisor\latest\bin32\tpsstool.dll -server_name tpss_ipc.16744 -prd_dir C:\Program Files (x86)\Intel\oneAPI\advisor\2023.1.0 -- C:\Users\JPMar\OneDrive\Documentos\Faculdade\Computação de Alto Desempenho\Trabalho 3\jacobi.exe
366 [19992] INFO perfrun.launcher <> - ProcessCreator object was created
374 [19992] INFO perfrun.launcher <> - Launcher: the process was started in suspend mode
377 [21148] INFO perfrun.itt <> - start itt controller for pid #19940
379 [21148] INFO perfrun.tpss <> - start tpss controller for pid #19940
433 [19992] INFO perfrun.launcher <> - Launcher: all plugins were started
434 [19992] INFO perfrun.launcher <> - DirectoryMonitor object was created
434 [19992] INFO perfrun.launcher <> - DirectoryMonitor: a callback was added
434 [19992] INFO perfrun.launcher <> - DirectoryMonitor was started with pingTime = 1000
434 [19992] INFO perfrun.launcher <> - DeadlineTimer is going to be constructed
435 [19992] INFO perfrun.launcher <> - DeadlineTimer: a callback was added
444 [19992] INFO perfrun.launcher <> - Launcher: resume the profiled application and  wait its termination or stop command
3147 [19992] INFO perfrun.launcher <> - Launcher: the profiled application was terminated  with exit code = 0
3168 [21148] INFO perfrun.itt <> - detach itt controller
3168 [21148] INFO perfrun.itt <> - detach itt controller done
3168 [21148] INFO perfrun.tpss <> - stop tpss controller
3169 [21148] INFO perfrun.sdk <> - De-allocating TMU: C:\Users\JPMar\OneDrive\Documentos\Faculdade\Computação de Alto Desempenho\Trabalho 3\JacobiRoofline\e000\hs002\data.0\systemcollector-16744-JP_Note.sc
3191 [21148] INFO perfrun.system <> - closed the system trace file: C:\Users\JPMar\OneDrive\Documentos\Faculdade\Computação de Alto Desempenho\Trabalho 3\JacobiRoofline\e000\hs002\data.0\systemcollector-16744-JP_Note.sc
3191 [19992] INFO perfrun.launcher <> - Launcher: all plugins were stopped.
3191 [19992] INFO perfrun.launcher <> - DeadlineTimer is going to be destroyed
3192 [19992] INFO perfrun.launcher <> - DeadlineTimer was destroyed
3192 [19992] INFO perfrun.launcher <> - DirectoryMonitor object was destroyed
3193 [19992] WARN perfrun.launcher <> - Stop command is ignored because it is received when collection is already stopped, at file: vcs\perfrun1\launcher\src\command_handler.cpp:226
3194 [19992] INFO perfrun.launcher <> - Application exit code: 0
3194 [19992] INFO perfrun.launcher <> - Exit code: 0
