91 [21488] INFO perfrun.launcher <> - Launcher main begin
98 [21488] INFO perfrun.launcher <> - MessageCatalogInit finished
98 [21488] INFO perfrun.launcher <> - Launcher instance created
98 [21488] INFO perfrun.launcher <> - argc = 6; cmdline = C:\Program Files (x86)\Intel\oneAPI\advisor\latest\bin64\advixe-runss.exe --ui-output-format xml --ui-output-fd 5116 --context-value-list 
113 [21488] INFO perfrun.launcher <> - New signal handler callback was added
191 [21488] INFO perfrun.launcher <> - create msngr2::ICliToolContext
192 [21488] INFO perfrun.launcher <> - create file finder object
208 [21488] INFO perfrun.launcher <> - Put into the variant bag the context value: name = targetOS; value = Windows
208 [21488] INFO perfrun.launcher <> - Put into the variant bag the context value: name = OS; value = Windows
208 [21488] INFO perfrun.launcher <> - Put into the variant bag the context value: name = OSBuildNumber; value = 22621
209 [21488] INFO perfrun.launcher <> - Put into the variant bag the context value: name = OSBitness; value = 64
209 [21488] INFO perfrun.launcher <> - Put into the variant bag the context value: name = AdministratorPrivileges; value = false
209 [21488] INFO perfrun.launcher <> - Put into the variant bag the context value: name = isPtraceScopeLimited; value = false
209 [21488] INFO perfrun.launcher <> - Put into the variant bag the context value: name = isCATSupportedByCPU; value = true
209 [21488] INFO perfrun.launcher <> - Put into the variant bag the context value: name = isL3CATAvailable; value = false
209 [21488] INFO perfrun.launcher <> - Put into the variant bag the context value: name = isL2CATAvailable; value = false
209 [21488] INFO perfrun.launcher <> - Put into the variant bag the context value: name = isL3MonitoringSupportedByCPU; value = false
209 [21488] INFO perfrun.launcher <> - Put into the variant bag the context value: name = isTSXAvailable; value = false
209 [21488] INFO perfrun.launcher <> - Put into the variant bag the context value: name = isPTAvailable; value = true
210 [21488] INFO perfrun.launcher <> - Put into the variant bag the context value: name = isHTEnabled; value = true
210 [21488] INFO perfrun.launcher <> - Put into the variant bag the context value: name = fpgaOnBoard; value = None
210 [21488] INFO perfrun.launcher <> - Put into the variant bag the context value: name = omniPathOnBoard; value = None
210 [21488] INFO perfrun.launcher <> - Put into the variant bag the context value: name = genArchOnBoard; value = 10
210 [21488] INFO perfrun.launcher <> - Put into the variant bag the context value: name = pciClassParts; value = 
210 [21488] INFO perfrun.launcher <> - Put into the variant bag the context value: name = tidValuesForIO; value = 
210 [21488] INFO perfrun.launcher <> - Put into the variant bag the context value: name = populatedIoParts; value = 
210 [21488] INFO perfrun.launcher <> - Put into the variant bag the context value: name = populatedIoUnits; value = 
210 [21488] INFO perfrun.launcher <> - Put into the variant bag the context value: name = populatedTidValuesForIO; value = 
211 [21488] INFO perfrun.launcher <> - Put into the variant bag the context value: name = isSGXAvailable; value = false
211 [21488] INFO perfrun.launcher <> - Put into the variant bag the context value: name = Hypervisor; value = Microsoft Hv
211 [21488] INFO perfrun.launcher <> - Put into the variant bag the context value: name = PerfmonVersion; value = 5
211 [21488] INFO perfrun.launcher <> - Put into the variant bag the context value: name = isMaxDRAMBandwidthMeasurementSupported; value = false
211 [21488] INFO perfrun.launcher <> - Put into the variant bag the context value: name = preferedGpuAdapter; value = 0:0:2.0
211 [21488] INFO perfrun.launcher <> - Put into the variant bag the context value: name = gpuAdapterNameList; value = 0:0:2.0|Intel(R) UHD Graphics;
211 [21488] INFO perfrun.launcher <> - Put into the variant bag the context value: name = gpuAdapterTileNameList; value = 0:0:2.0|Intel(R) UHD Graphics|0,;
211 [21488] INFO perfrun.launcher <> - Put into the variant bag the context value: name = gpuOpenCLDeviceOrder; value = none
212 [21488] INFO perfrun.launcher <> - Put into the variant bag the context value: name = isEHFIAvailable; value = false
212 [21488] INFO perfrun.launcher <> - Put into the variant bag the context value: name = areGpuHardwareMetricsAvailableList; value = 0:0:2.0|true;
212 [21488] INFO perfrun.launcher <> - Put into the variant bag the context value: name = gpuPlatformIndexList; value = 0:0:2.0|17;
212 [21488] INFO perfrun.launcher <> - Put into the variant bag the context value: name = isTPSSAvailable; value = true
212 [21488] INFO perfrun.launcher <> - Put into the variant bag the context value: name = isPytraceAvailable; value = true
212 [21488] INFO perfrun.launcher <> - Put into the variant bag the context value: name = isGENDebugInfoAvailableList; value = 0:0:2.0|true;
212 [21488] INFO perfrun.launcher <> - Put into the variant bag the context value: name = isGTPinCollectionAvailableList; value = 0:0:2.0|true;
212 [21488] INFO perfrun.launcher <> - Put into the variant bag the context value: name = forceShowInlines; value = false
213 [21488] INFO perfrun.launcher <> - Application exit code: 0
213 [21488] INFO perfrun.launcher <> - Exit code: 0
