<?xml version="1.0" encoding="utf-8"?>
<log version="1.0" tool="runtool">

<msg id="1" tool="runtool">
  <type>log-start</type>
  <arg>2023/07/02 17:27:11</arg>
</msg>
<msg id="2" tool="runtool">
  <type>bandwidth-measurement-starts</type>
</msg>
<msg id="3" tool="runtool">
  <type>bandwidth-measurement-done</type>
</msg>
<msg id="4" tool="runtool">
  <type>collector-starts</type>
</msg>
<msg id="5" tool="runtool">
  <type>marker-file</type>
  <arg>C:\Users\JPMar\OneDrive\Documentos\Faculdade\Computação de Alto Desempenho\Trabalho 3\JacobiRoofline\e000\trc000\trc000.advixe</arg>
</msg>
<msg id="6" tool="runtool">
  <type>app-exit-code</type>
  <arg>0</arg>
</msg>
<msg id="7" tool="runtool">
  <type>marker-file</type>
  <arg>C:\Users\JPMar\OneDrive\Documentos\Faculdade\Computação de Alto Desempenho\Trabalho 3\JacobiRoofline\e000\trc000\trc000.advixe</arg>
</msg>
<msg id="8" tool="runtool">
  <type>collector-done</type>
</msg>
<msg id="9" tool="runtool">
  <type>log-end</type>
  <arg>2023/07/02 17:27:41</arg>
</msg>

</log>

